<?xml version="1.0" encoding="UTF-8"?>
<!-- Generated by org.testng.reporters.JUnitXMLReporter -->
<testsuite hostname="NDI-LAP-763" failures="3" tests="7" name="Add Project" time="51.509" errors="0" timestamp="30 May 2021 16:07:26 GMT">
  <testcase classname="com.automation.tests.OtherDetailsTest" name="loginAssertions" time="10.009">
    <failure type="java.lang.AssertionError" message="Loggin Unsuccessful expected [https://stage-engage.3pillarglobal.com/projects] but found [https://stage-engage.3pillarglobal.com/login]">
      <![CDATA[java.lang.AssertionError: Loggin Unsuccessful expected [https://stage-engage.3pillarglobal.com/projects] but found [https://stage-engage.3pillarglobal.com/login]
	at com.automation.tests.LoginTest.loginAssertions(LoginTest.java:28)
... Removed 28 stack frames]]>
    </failure>
  </testcase> <!-- loginAssertions -->
  <testcase classname="com.automation.tests.OtherDetailsTest" name="homePageAssertions" time="19.178">
    <failure type="java.lang.AssertionError" message="The following asserts failed:
Title Doesn&amp;apos;t Match">
      <![CDATA[java.lang.AssertionError: The following asserts failed:
Title Doesn't Match
	at com.automation.tests.HomePageTest.homePageAssertions(HomePageTest.java:26)
... Removed 25 stack frames]]>
    </failure>
  </testcase> <!-- homePageAssertions -->
  <testcase classname="com.automation.tests.OtherDetailsTest" name="isDisplayed" time="0.182"/>
  <testcase classname="com.automation.tests.OtherDetailsTest" name="isEnabled" time="0.068"/>
  <testcase classname="com.automation.tests.OtherDetailsTest" name="fieldAssertions" time="1.727"/>
  <testcase classname="com.automation.tests.OtherDetailsTest" name="checkRequiredField" time="0.852"/>
  <testcase classname="com.automation.tests.OtherDetailsTest" name="otherDetailsAssertions" time="1.798">
    <failure type="java.lang.AssertionError" message="The following asserts failed:
EHI Yes Button is not visible, Date is not selected properly">
      <![CDATA[java.lang.AssertionError: The following asserts failed:
EHI Yes Button is not visible, Date is not selected properly
	at com.automation.tests.OtherDetailsTest.otherDetailsAssertions(OtherDetailsTest.java:38)
... Removed 25 stack frames]]>
    </failure>
  </testcase> <!-- otherDetailsAssertions -->
</testsuite> <!-- Add Project -->
